# JRE version: 7.0_11-b21
# Java VM: Java HotSpot(TM) 64-Bit Server VM (23.6-b04 mixed mode windows-amd64 compressed oops)
Heap
 PSYoungGen      total 19968K, used 18533K [0x00000000fa000000, 0x00000000fb8d0000, 0x0000000100000000)
  eden space 17856K, 100% used [0x00000000fa000000,0x00000000fb170000,0x00000000fb170000)
  from space 2112K, 32% used [0x00000000fb170000,0x00000000fb219448,0x00000000fb380000)
  to   space 1984K, 0% used [0x00000000fb6e0000,0x00000000fb6e0000,0x00000000fb8d0000)
 ParOldGen       total 178368K, used 178233K [0x00000000e8000000, 0x00000000f2e30000, 0x00000000fa000000)
  object space 178368K, 99% used [0x00000000e8000000,0x00000000f2e0e400,0x00000000f2e30000)
 PSPermGen       total 102208K, used 66858K [0x00000000e0000000, 0x00000000e63d0000, 0x00000000e8000000)
  object space 102208K, 65% used [0x00000000e0000000,0x00000000e414abb0,0x00000000e63d0000)
GC Heap History (10 events):
Event: 8780.910 GC heap before
{Heap before GC invocations=756 (full 9):
 PSYoungGen      total 15936K, used 15680K [0x00000000fa000000, 0x00000000fb000000, 0x0000000100000000)
  eden space 15488K, 100% used [0x00000000fa000000,0x00000000faf20000,0x00000000faf20000)
  from space 448K, 42% used [0x00000000faf90000,0x00000000fafc0000,0x00000000fb000000)
  to   space 448K, 0% used [0x00000000faf20000,0x00000000faf20000,0x00000000faf90000)
 ParOldGen       total 90048K, used 71089K [0x00000000e8000000, 0x00000000ed7f0000, 0x00000000fa000000)
  object space 90048K, 78% used [0x00000000e8000000,0x00000000ec56c470,0x00000000ed7f0000)
 PSPermGen       total 102208K, used 66844K [0x00000000e0000000, 0x00000000e63d0000, 0x00000000e8000000)
  object space 102208K, 65% used [0x00000000e0000000,0x00000000e41471e0,0x00000000e63d0000)
Event: 8780.917 GC heap after
Heap after GC invocations=756 (full 9):
 PSYoungGen      total 15616K, used 440K [0x00000000fa000000, 0x00000000fb3b0000, 0x0000000100000000)
  eden space 15168K, 0% used [0x00000000fa000000,0x00000000fa000000,0x00000000faed0000)
  from space 448K, 98% used [0x00000000faf20000,0x00000000faf8e1e0,0x00000000faf90000)
  to   space 2496K, 0% used [0x00000000fb140000,0x00000000fb140000,0x00000000fb3b0000)
 ParOldGen       total 90048K, used 76419K [0x00000000e8000000, 0x00000000ed7f0000, 0x00000000fa000000)
  object space 90048K, 84% used [0x00000000e8000000,0x00000000ecaa0e40,0x00000000ed7f0000)
 PSPermGen       total 102208K, used 66844K [0x00000000e0000000, 0x00000000e63d0000, 0x00000000e8000000)
  object space 102208K, 65% used [0x00000000e0000000,0x00000000e41471e0,0x00000000e63d0000)
}
Event: 60106.358 GC heap before
{Heap before GC invocations=757 (full 9):
 PSYoungGen      total 15616K, used 15608K [0x00000000fa000000, 0x00000000fb3b0000, 0x0000000100000000)
  eden space 15168K, 100% used [0x00000000fa000000,0x00000000faed0000,0x00000000faed0000)
  from space 448K, 98% used [0x00000000faf20000,0x00000000faf8e1e0,0x00000000faf90000)
  to   space 2496K, 0% used [0x00000000fb140000,0x00000000fb140000,0x00000000fb3b0000)
 ParOldGen       total 90048K, used 76419K [0x00000000e8000000, 0x00000000ed7f0000, 0x00000000fa000000)
  object space 90048K, 84% used [0x00000000e8000000,0x00000000ecaa0e40,0x00000000ed7f0000)
 PSPermGen       total 102208K, used 66848K [0x00000000e0000000, 0x00000000e63d0000, 0x00000000e8000000)
  object space 102208K, 65% used [0x00000000e0000000,0x00000000e4148210,0x00000000e63d0000)
Event: 60110.220 GC heap after
Heap after GC invocations=757 (full 9):
 PSYoungGen      total 16640K, used 750K [0x00000000fa000000, 0x00000000fb300000, 0x0000000100000000)
  eden space 14848K, 0% used [0x00000000fa000000,0x00000000fa000000,0x00000000fae80000)
  from space 1792K, 41% used [0x00000000fb140000,0x00000000fb1fb9b0,0x00000000fb300000)
  to   space 2304K, 0% used [0x00000000fae80000,0x00000000fae80000,0x00000000fb0c0000)
 ParOldGen       total 90048K, used 76419K [0x00000000e8000000, 0x00000000ed7f0000, 0x00000000fa000000)
  object space 90048K, 84% used [0x00000000e8000000,0x00000000ecaa0e40,0x00000000ed7f0000)
 PSPermGen       total 102208K, used 66848K [0x00000000e0000000, 0x00000000e63d0000, 0x00000000e8000000)
  object space 102208K, 65% used [0x00000000e0000000,0x00000000e4148210,0x00000000e63d0000)
}
Event: 60110.357 GC heap before
{Heap before GC invocations=758 (full 9):
 PSYoungGen      total 16640K, used 15598K [0x00000000fa000000, 0x00000000fb300000, 0x0000000100000000)
  eden space 14848K, 100% used [0x00000000fa000000,0x00000000fae80000,0x00000000fae80000)
  from space 1792K, 41% used [0x00000000fb140000,0x00000000fb1fb9b0,0x00000000fb300000)
  to   space 2304K, 0% used [0x00000000fae80000,0x00000000fae80000,0x00000000fb0c0000)
 ParOldGen       total 90048K, used 76419K [0x00000000e8000000, 0x00000000ed7f0000, 0x00000000fa000000)
  object space 90048K, 84% used [0x00000000e8000000,0x00000000ecaa0e40,0x00000000ed7f0000)
 PSPermGen       total 102208K, used 66850K [0x00000000e0000000, 0x00000000e63d0000, 0x00000000e8000000)
  object space 102208K, 65% used [0x00000000e0000000,0x00000000e41488e0,0x00000000e63d0000)
Event: 60110.495 GC heap after
Heap after GC invocations=758 (full 9):
 PSYoungGen      total 17152K, used 421K [0x00000000fa000000, 0x00000000fb5d0000, 0x0000000100000000)
  eden space 14848K, 0% used [0x00000000fa000000,0x00000000fa000000,0x00000000fae80000)
  from space 2304K, 18% used [0x00000000fae80000,0x00000000faee9448,0x00000000fb0c0000)
  to   space 2240K, 0% used [0x00000000fb3a0000,0x00000000fb3a0000,0x00000000fb5d0000)
 ParOldGen       total 90048K, used 76419K [0x00000000e8000000, 0x00000000ed7f0000, 0x00000000fa000000)
  object space 90048K, 84% used [0x00000000e8000000,0x00000000ecaa0e40,0x00000000ed7f0000)
 PSPermGen       total 102208K, used 66850K [0x00000000e0000000, 0x00000000e63d0000, 0x00000000e8000000)
  object space 102208K, 65% used [0x00000000e0000000,0x00000000e41488e0,0x00000000e63d0000)
}
Event: 60110.525 GC heap before
{Heap before GC invocations=759 (full 9):
 PSYoungGen      total 17152K, used 15269K [0x00000000fa000000, 0x00000000fb5d0000, 0x0000000100000000)
  eden space 14848K, 100% used [0x00000000fa000000,0x00000000fae80000,0x00000000fae80000)
  from space 2304K, 18% used [0x00000000fae80000,0x00000000faee9448,0x00000000fb0c0000)
  to   space 2240K, 0% used [0x00000000fb3a0000,0x00000000fb3a0000,0x00000000fb5d0000)
 ParOldGen       total 90048K, used 76419K [0x00000000e8000000, 0x00000000ed7f0000, 0x00000000fa000000)
  object space 90048K, 84% used [0x00000000e8000000,0x00000000ecaa0e40,0x00000000ed7f0000)
 PSPermGen       total 102208K, used 66850K [0x00000000e0000000, 0x00000000e63d0000, 0x00000000e8000000)
  object space 102208K, 65% used [0x00000000e0000000,0x00000000e41488e0,0x00000000e63d0000)
Event: 60110.764 GC heap after
Heap after GC invocations=759 (full 9):
 PSYoungGen      total 19840K, used 453K [0x00000000fa000000, 0x00000000fb590000, 0x0000000100000000)
  eden space 17856K, 0% used [0x00000000fa000000,0x00000000fa000000,0x00000000fb170000)
  from space 1984K, 22% used [0x00000000fb3a0000,0x00000000fb411448,0x00000000fb590000)
  to   space 2112K, 0% used [0x00000000fb170000,0x00000000fb170000,0x00000000fb380000)
 ParOldGen       total 90048K, used 76427K [0x00000000e8000000, 0x00000000ed7f0000, 0x00000000fa000000)
  object space 90048K, 84% used [0x00000000e8000000,0x00000000ecaa2e40,0x00000000ed7f0000)
 PSPermGen       total 102208K, used 66850K [0x00000000e0000000, 0x00000000e63d0000, 0x00000000e8000000)
  object space 102208K, 65% used [0x00000000e0000000,0x00000000e41488e0,0x00000000e63d0000)
}
Event: 60110.870 GC heap before
{Heap before GC invocations=760 (full 9):
 PSYoungGen      total 19840K, used 18309K [0x00000000fa000000, 0x00000000fb590000, 0x0000000100000000)
  eden space 17856K, 100% used [0x00000000fa000000,0x00000000fb170000,0x00000000fb170000)
  from space 1984K, 22% used [0x00000000fb3a0000,0x00000000fb411448,0x00000000fb590000)
  to   space 2112K, 0% used [0x00000000fb170000,0x00000000fb170000,0x00000000fb380000)
 ParOldGen       total 90048K, used 76427K [0x00000000e8000000, 0x00000000ed7f0000, 0x00000000fa000000)
  object space 90048K, 84% used [0x00000000e8000000,0x00000000ecaa2e40,0x00000000ed7f0000)
 PSPermGen       total 102208K, used 66857K [0x00000000e0000000, 0x00000000e63d0000, 0x00000000e8000000)
  object space 102208K, 65% used [0x00000000e0000000,0x00000000e414a678,0x00000000e63d0000)
Event: 60110.922 GC heap after
Heap after GC invocations=760 (full 9):
 PSYoungGen      total 19968K, used 677K [0x00000000fa000000, 0x00000000fb8d0000, 0x0000000100000000)
  eden space 17856K, 0% used [0x00000000fa000000,0x00000000fa000000,0x00000000fb170000)
  from space 2112K, 32% used [0x00000000fb170000,0x00000000fb219448,0x00000000fb380000)
  to   space 1984K, 0% used [0x00000000fb6e0000,0x00000000fb6e0000,0x00000000fb8d0000)
 ParOldGen       total 90048K, used 76427K [0x00000000e8000000, 0x00000000ed7f0000, 0x00000000fa000000)
  object space 90048K, 84% used [0x00000000e8000000,0x00000000ecaa2e40,0x00000000ed7f0000)
 PSPermGen       total 102208K, used 66857K [0x00000000e0000000, 0x00000000e63d0000, 0x00000000e8000000)
  object space 102208K, 65% used [0x00000000e0000000,0x00000000e414a678,0x00000000e63d0000)
}

